<?xml version="1.0" encoding="UTF-8"?>
<!-- Generated by org.testng.reporters.JUnitXMLReporter -->
<testsuite hostname="LAPTOP-G0FLMD95" ignored="0" tests="0" failures="0" timestamp="25 Jun 2019 17:47:43 GMT" time="10.832" errors="0">
  <testcase name="null" time="0.001" classname="runner.TestRunner">
    <failure type="java.lang.IllegalArgumentException" message="InputStream cannot be null">
      <![CDATA[java.lang.IllegalArgumentException: InputStream cannot be null
at javax.xml.parsers.DocumentBuilder.parse(DocumentBuilder.java:117)
at com.aventstack.extentreports.configuration.ConfigLoader.getConfigurationHash(ConfigLoader.java:64)
at com.aventstack.extentreports.reporter.AbstractReporter.loadXMLConfig(AbstractReporter.java:64)
at com.aventstack.extentreports.reporter.AbstractReporter.loadXMLConfig(AbstractReporter.java:60)
at com.cucumber.listener.Reporter.loadXMLConfig(Reporter.java:47)
at runner.TestRunner.writeExtentReport(TestRunner.java:23)
at org.junit.runners.model.FrameworkMethod$1.runReflectiveCall(FrameworkMethod.java:50)
at org.junit.internal.runners.model.ReflectiveCallable.run(ReflectiveCallable.java:12)
at org.junit.runners.model.FrameworkMethod.invokeExplosively(FrameworkMethod.java:47)
at org.junit.internal.runners.statements.RunAfters.evaluate(RunAfters.java:33)
at org.junit.runners.ParentRunner.run(ParentRunner.java:363)
at cucumber.api.junit.Cucumber.run(Cucumber.java:100)
at org.junit.runner.JUnitCore.run(JUnitCore.java:137)
at org.junit.runner.JUnitCore.run(JUnitCore.java:115)
... Removed 28 stack frames]]>
    </failure>
  </testcase> <!-- null -->
</testsuite>
