-------------------------------------------------------------------------------
Test set: runner.TestRunner
-------------------------------------------------------------------------------
Tests run: 1, Failures: 1, Errors: 0, Skipped: 0, Time elapsed: 11.446 s <<< FAILURE! - in runner.TestRunner
null on runner.TestRunner(runner.TestRunner)  Time elapsed: 10.987 s  <<< FAILURE!
java.lang.IllegalArgumentException: InputStream cannot be null
	at runner.TestRunner.writeExtentReport(TestRunner.java:23)

