<?xml version="1.0" encoding="UTF-8"?>
<testng-results skipped="0" failed="0" total="1" passed="1">
  <reporter-output>
  </reporter-output>
  <suite name="Suite" duration-ms="30613" started-at="2018-04-29T08:12:38Z" finished-at="2018-04-29T08:13:09Z">
    <groups>
    </groups>
    <test name="Training test case Number 1" duration-ms="30613" started-at="2018-04-29T08:12:38Z" finished-at="2018-04-29T08:13:09Z">
      <class name="TrainingTest1.Registration">
        <test-method status="PASS" signature="initialize()[pri:0, instance:TrainingTest1.Registration@7ed7259e]" name="initialize" is-config="true" duration-ms="5780" started-at="2018-04-29T13:42:38Z" finished-at="2018-04-29T13:42:44Z">
          <reporter-output>
          </reporter-output>
        </test-method> <!-- initialize -->
        <test-method status="PASS" signature="createAccount()[pri:0, instance:TrainingTest1.Registration@7ed7259e]" name="createAccount" duration-ms="24688" started-at="2018-04-29T13:42:44Z" finished-at="2018-04-29T13:43:09Z">
          <reporter-output>
          </reporter-output>
        </test-method> <!-- createAccount -->
        <test-method status="PASS" signature="closeBrowser()[pri:0, instance:TrainingTest1.Registration@7ed7259e]" name="closeBrowser" is-config="true" duration-ms="135" started-at="2018-04-29T13:43:09Z" finished-at="2018-04-29T13:43:09Z">
          <reporter-output>
          </reporter-output>
        </test-method> <!-- closeBrowser -->
      </class> <!-- TrainingTest1.Registration -->
    </test> <!-- Training test case Number 1 -->
  </suite> <!-- Suite -->
</testng-results>
